Arguments: 
  /usr/local/bin/node /usr/local/Cellar/yarn/1.6.0/libexec/bin/yarn.js install

PATH: 
  /usr/local/bin:/usr/bin:/bin:/usr/sbin:/sbin

Yarn version: 
  1.6.0

Node version: 
  8.11.2

Platform: 
  darwin x64

Trace: 
  SyntaxError: /Users/mohitchoudhary/Projects/React Native/Pratice/tcdChat/tcd-chat/package.json: Unexpected token } in JSON at position 296
      at JSON.parse (<anonymous>)
      at /usr/local/Cellar/yarn/1.6.0/libexec/lib/cli.js:1130:59
      at Generator.next (<anonymous>)
      at step (/usr/local/Cellar/yarn/1.6.0/libexec/lib/cli.js:98:30)
      at /usr/local/Cellar/yarn/1.6.0/libexec/lib/cli.js:109:13
      at <anonymous>

npm manifest: 
  {
    "name": "react-native-tcd-chat",
    "version": "1.0.0",
    "description": "",
    "main": "index.js",
    "scripts": {
      "test": "echo \"Error: no test specified\" && exit 1"
    },
    "keywords": [
      "react-native"
    ],
    "dependencies": {
      "react": "16.6.3",
      "react-native": "0.58.3",
    },
    "author": "P41",
    "license": "",
    "peerDependencies": {
      "react-native": "^0.41.2",
      "react-native-windows": "0.41.0-rc.1"
  
    }
  }

yarn manifest: 
  No manifest

Lockfile: 
  No lockfile
